2024-09-23 17:15:14,295 INFO  [main] apiTestCases.GetUserInfoTest -*****Getting the user information*****
2024-09-23 17:15:16,697 INFO  [main] apiTestCases.GetUserInfoTest -*****Getting the status code*****
2024-09-23 17:15:16,697 INFO  [main] apiTestCases.GetUserInfoTest -*****Validating the status code*****
2024-09-23 17:15:16,699 INFO  [main] apiTestCases.GetUserInfoTest -The response code is 200
2024-09-23 17:15:16,703 INFO  [main] apiTestCases.GetUserInfoTest -*****Getting the user information*****
2024-09-23 17:15:17,936 INFO  [main] apiTestCases.GetUserInfoTest -*****Getting the status code*****
2024-09-23 17:15:17,938 INFO  [main] apiTestCases.GetUserInfoTest -*****Validating the status code*****
2024-09-23 17:15:17,938 INFO  [main] apiTestCases.GetUserInfoTest -The response code is 200
2024-09-23 17:15:17,938 INFO  [main] apiTestCases.GetUserInfoTest -*****Getting the user information*****
2024-09-23 17:15:19,109 INFO  [main] apiTestCases.GetUserInfoTest -*****Getting the status code*****
2024-09-23 17:15:19,109 INFO  [main] apiTestCases.GetUserInfoTest -*****Validating the status code*****
2024-09-23 17:15:19,109 INFO  [main] apiTestCases.GetUserInfoTest -The response code is 200
2024-09-23 17:15:19,110 INFO  [main] apiTestCases.GetUserInfoTest -*****Getting the user information*****
2024-09-23 17:15:20,232 INFO  [main] apiTestCases.GetUserInfoTest -*****Getting the status code*****
2024-09-23 17:15:20,232 INFO  [main] apiTestCases.GetUserInfoTest -*****Validating the status code*****
2024-09-23 17:15:20,232 INFO  [main] apiTestCases.GetUserInfoTest -The response code is 200
2024-09-23 17:15:20,233 INFO  [main] apiTestCases.GetUserInfoTest -*****Getting the user information*****
2024-09-23 17:15:21,361 INFO  [main] apiTestCases.GetUserInfoTest -*****Getting the status code*****
2024-09-23 17:15:21,362 INFO  [main] apiTestCases.GetUserInfoTest -*****Validating the status code*****
2024-09-23 17:15:21,362 INFO  [main] apiTestCases.GetUserInfoTest -The response code is 200
2024-09-23 17:15:21,512 INFO  [main] apiTestCases.ValidateUserInfoTest -*****Validating the user information*****
2024-09-23 17:15:22,732 INFO  [main] apiTestCases.ValidateUserInfoTest -*****Validating the user's Name*****
2024-09-23 17:15:22,732 INFO  [main] apiTestCases.ValidateUserInfoTest -*****Validating the user's Age*****
2024-09-23 17:15:22,733 INFO  [main] apiTestCases.ValidateUserInfoTest -*****Validating the user information*****
2024-09-23 17:15:23,859 INFO  [main] apiTestCases.ValidateUserInfoTest -*****Validating the user's Name*****
2024-09-23 17:15:23,859 INFO  [main] apiTestCases.ValidateUserInfoTest -*****Validating the user's Age*****
2024-09-23 17:15:23,860 INFO  [main] apiTestCases.ValidateUserInfoTest -*****Validating the user information*****
2024-09-23 17:15:25,026 INFO  [main] apiTestCases.ValidateUserInfoTest -*****Validating the user's Name*****
2024-09-23 17:15:25,026 INFO  [main] apiTestCases.ValidateUserInfoTest -*****Validating the user's Age*****
2024-09-23 17:15:25,026 INFO  [main] apiTestCases.ValidateUserInfoTest -*****Validating the user information*****
2024-09-23 17:15:26,114 INFO  [main] apiTestCases.ValidateUserInfoTest -*****Validating the user's Name*****
2024-09-23 17:15:26,114 INFO  [main] apiTestCases.ValidateUserInfoTest -*****Validating the user's Age*****
2024-09-23 17:15:26,115 INFO  [main] apiTestCases.ValidateUserInfoTest -*****Validating the user information*****
2024-09-23 17:15:27,295 INFO  [main] apiTestCases.ValidateUserInfoTest -*****Validating the user's Name*****
2024-09-23 17:15:27,295 INFO  [main] apiTestCases.ValidateUserInfoTest -*****Validating the user's Age*****
