2024-09-23 09:30:08,866 INFO  [main] apiTestCases.GetUserInfoTest -*****Getting the user information*****
2024-09-23 09:30:11,653 INFO  [main] apiTestCases.GetUserInfoTest -*****Getting the status code*****
2024-09-23 09:30:11,654 INFO  [main] apiTestCases.GetUserInfoTest -*****Validating the status code*****
2024-09-23 09:30:11,658 INFO  [main] apiTestCases.GetUserInfoTest -The response code is 200
2024-09-23 09:30:11,667 INFO  [main] apiTestCases.GetUserInfoTest -*****Getting the user information*****
2024-09-23 09:30:13,066 INFO  [main] apiTestCases.GetUserInfoTest -*****Getting the status code*****
2024-09-23 09:30:13,069 INFO  [main] apiTestCases.GetUserInfoTest -*****Validating the status code*****
2024-09-23 09:30:13,069 INFO  [main] apiTestCases.GetUserInfoTest -The response code is 200
2024-09-23 09:30:13,073 INFO  [main] apiTestCases.GetUserInfoTest -*****Getting the user information*****
2024-09-23 09:30:14,324 INFO  [main] apiTestCases.GetUserInfoTest -*****Getting the status code*****
2024-09-23 09:30:14,325 INFO  [main] apiTestCases.GetUserInfoTest -*****Validating the status code*****
2024-09-23 09:30:14,325 INFO  [main] apiTestCases.GetUserInfoTest -The response code is 200
2024-09-23 09:30:14,328 INFO  [main] apiTestCases.GetUserInfoTest -*****Getting the user information*****
2024-09-23 09:30:15,726 INFO  [main] apiTestCases.GetUserInfoTest -*****Getting the status code*****
2024-09-23 09:30:15,726 INFO  [main] apiTestCases.GetUserInfoTest -*****Validating the status code*****
2024-09-23 09:30:15,727 INFO  [main] apiTestCases.GetUserInfoTest -The response code is 200
2024-09-23 09:30:15,730 INFO  [main] apiTestCases.GetUserInfoTest -*****Getting the user information*****
2024-09-23 09:30:17,151 INFO  [main] apiTestCases.GetUserInfoTest -*****Getting the status code*****
2024-09-23 09:30:17,152 INFO  [main] apiTestCases.GetUserInfoTest -*****Validating the status code*****
2024-09-23 09:30:17,152 INFO  [main] apiTestCases.GetUserInfoTest -The response code is 200
2024-09-23 09:30:17,381 INFO  [main] apiTestCases.ValidateUserInfoTest -*****Validating the user information*****
2024-09-23 09:30:18,968 INFO  [main] apiTestCases.ValidateUserInfoTest -*****Validating the user's Name*****
2024-09-23 09:30:18,969 INFO  [main] apiTestCases.ValidateUserInfoTest -*****Validating the user's Age*****
2024-09-23 09:30:18,971 INFO  [main] apiTestCases.ValidateUserInfoTest -*****Validating the user information*****
2024-09-23 09:30:20,433 INFO  [main] apiTestCases.ValidateUserInfoTest -*****Validating the user's Name*****
2024-09-23 09:30:20,433 INFO  [main] apiTestCases.ValidateUserInfoTest -*****Validating the user's Age*****
2024-09-23 09:30:20,434 INFO  [main] apiTestCases.ValidateUserInfoTest -*****Validating the user information*****
2024-09-23 09:30:21,867 INFO  [main] apiTestCases.ValidateUserInfoTest -*****Validating the user's Name*****
2024-09-23 09:30:21,867 INFO  [main] apiTestCases.ValidateUserInfoTest -*****Validating the user's Age*****
2024-09-23 09:30:21,868 INFO  [main] apiTestCases.ValidateUserInfoTest -*****Validating the user information*****
2024-09-23 09:30:23,304 INFO  [main] apiTestCases.ValidateUserInfoTest -*****Validating the user's Name*****
2024-09-23 09:30:23,304 INFO  [main] apiTestCases.ValidateUserInfoTest -*****Validating the user's Age*****
2024-09-23 09:30:23,307 INFO  [main] apiTestCases.ValidateUserInfoTest -*****Validating the user information*****
2024-09-23 09:30:24,837 INFO  [main] apiTestCases.ValidateUserInfoTest -*****Validating the user's Name*****
2024-09-23 09:30:24,837 INFO  [main] apiTestCases.ValidateUserInfoTest -*****Validating the user's Age*****
