2024-09-23 17:19:12,568 INFO  [main] apiTestCases.GetUserInfoTest -*****Getting the user information*****
2024-09-23 17:19:14,596 INFO  [main] apiTestCases.GetUserInfoTest -*****Getting the status code*****
2024-09-23 17:19:14,596 INFO  [main] apiTestCases.GetUserInfoTest -*****Validating the status code*****
2024-09-23 17:19:14,597 INFO  [main] apiTestCases.GetUserInfoTest -The response code is 200
2024-09-23 17:19:14,601 INFO  [main] apiTestCases.GetUserInfoTest -*****Getting the user information*****
2024-09-23 17:19:15,727 INFO  [main] apiTestCases.GetUserInfoTest -*****Getting the status code*****
2024-09-23 17:19:15,729 INFO  [main] apiTestCases.GetUserInfoTest -*****Validating the status code*****
2024-09-23 17:19:15,729 INFO  [main] apiTestCases.GetUserInfoTest -The response code is 200
2024-09-23 17:19:15,730 INFO  [main] apiTestCases.GetUserInfoTest -*****Getting the user information*****
2024-09-23 17:19:16,897 INFO  [main] apiTestCases.GetUserInfoTest -*****Getting the status code*****
2024-09-23 17:19:16,898 INFO  [main] apiTestCases.GetUserInfoTest -*****Validating the status code*****
2024-09-23 17:19:16,898 INFO  [main] apiTestCases.GetUserInfoTest -The response code is 200
2024-09-23 17:19:16,899 INFO  [main] apiTestCases.GetUserInfoTest -*****Getting the user information*****
2024-09-23 17:19:18,105 INFO  [main] apiTestCases.GetUserInfoTest -*****Getting the status code*****
2024-09-23 17:19:18,105 INFO  [main] apiTestCases.GetUserInfoTest -*****Validating the status code*****
2024-09-23 17:19:18,105 INFO  [main] apiTestCases.GetUserInfoTest -The response code is 200
2024-09-23 17:19:18,106 INFO  [main] apiTestCases.GetUserInfoTest -*****Getting the user information*****
2024-09-23 17:19:19,295 INFO  [main] apiTestCases.GetUserInfoTest -*****Getting the status code*****
2024-09-23 17:19:19,295 INFO  [main] apiTestCases.GetUserInfoTest -*****Validating the status code*****
2024-09-23 17:19:19,295 INFO  [main] apiTestCases.GetUserInfoTest -The response code is 200
2024-09-23 17:19:19,432 INFO  [main] apiTestCases.ValidateUserInfoTest -*****Validating the user information*****
2024-09-23 17:19:20,656 INFO  [main] apiTestCases.ValidateUserInfoTest -*****Validating the user's Name*****
2024-09-23 17:19:20,657 INFO  [main] apiTestCases.ValidateUserInfoTest -*****Validating the user's Age*****
2024-09-23 17:19:20,666 INFO  [main] apiTestCases.ValidateUserInfoTest -*****Validating the user information*****
2024-09-23 17:19:21,834 INFO  [main] apiTestCases.ValidateUserInfoTest -*****Validating the user's Name*****
2024-09-23 17:19:21,834 INFO  [main] apiTestCases.ValidateUserInfoTest -*****Validating the user's Age*****
2024-09-23 17:19:21,835 INFO  [main] apiTestCases.ValidateUserInfoTest -*****Validating the user information*****
2024-09-23 17:19:22,930 INFO  [main] apiTestCases.ValidateUserInfoTest -*****Validating the user's Name*****
2024-09-23 17:19:22,930 INFO  [main] apiTestCases.ValidateUserInfoTest -*****Validating the user's Age*****
2024-09-23 17:19:22,931 INFO  [main] apiTestCases.ValidateUserInfoTest -*****Validating the user information*****
2024-09-23 17:19:24,073 INFO  [main] apiTestCases.ValidateUserInfoTest -*****Validating the user's Name*****
2024-09-23 17:19:24,073 INFO  [main] apiTestCases.ValidateUserInfoTest -*****Validating the user's Age*****
2024-09-23 17:19:24,077 INFO  [main] apiTestCases.ValidateUserInfoTest -*****Validating the user information*****
2024-09-23 17:19:25,205 INFO  [main] apiTestCases.ValidateUserInfoTest -*****Validating the user's Name*****
2024-09-23 17:19:25,206 INFO  [main] apiTestCases.ValidateUserInfoTest -*****Validating the user's Age*****
2024-09-23 17:19:25,208 INFO  [main] apiTestCases.ValidateUserInfoTest -*****Validating the user information*****
2024-09-23 17:19:26,369 INFO  [main] apiTestCases.ValidateUserInfoTest -*****Validating the user's Name*****
2024-09-23 17:19:26,369 INFO  [main] apiTestCases.ValidateUserInfoTest -*****Validating the user's Age*****
2024-09-23 17:19:26,370 INFO  [main] apiTestCases.ValidateUserInfoTest -*****Validating the user information*****
2024-09-23 17:19:27,518 INFO  [main] apiTestCases.ValidateUserInfoTest -*****Validating the user's Name*****
2024-09-23 17:19:27,519 INFO  [main] apiTestCases.ValidateUserInfoTest -*****Validating the user's Age*****
2024-09-23 17:19:27,520 INFO  [main] apiTestCases.ValidateUserInfoTest -*****Validating the user information*****
2024-09-23 17:19:28,696 INFO  [main] apiTestCases.ValidateUserInfoTest -*****Validating the user's Name*****
2024-09-23 17:19:28,696 INFO  [main] apiTestCases.ValidateUserInfoTest -*****Validating the user's Age*****
2024-09-23 17:19:28,697 INFO  [main] apiTestCases.ValidateUserInfoTest -*****Validating the user information*****
2024-09-23 17:19:29,793 INFO  [main] apiTestCases.ValidateUserInfoTest -*****Validating the user's Name*****
2024-09-23 17:19:29,793 INFO  [main] apiTestCases.ValidateUserInfoTest -*****Validating the user's Age*****
2024-09-23 17:19:29,794 INFO  [main] apiTestCases.ValidateUserInfoTest -*****Validating the user information*****
2024-09-23 17:19:30,951 INFO  [main] apiTestCases.ValidateUserInfoTest -*****Validating the user's Name*****
2024-09-23 17:19:30,951 INFO  [main] apiTestCases.ValidateUserInfoTest -*****Validating the user's Age*****
2024-09-23 17:19:30,952 INFO  [main] apiTestCases.ValidateUserInfoTest -*****Validating the user information*****
2024-09-23 17:19:32,062 INFO  [main] apiTestCases.ValidateUserInfoTest -*****Validating the user's Name*****
2024-09-23 17:19:32,062 INFO  [main] apiTestCases.ValidateUserInfoTest -*****Validating the user's Age*****
2024-09-23 17:19:32,063 INFO  [main] apiTestCases.ValidateUserInfoTest -*****Validating the user information*****
2024-09-23 17:19:33,250 INFO  [main] apiTestCases.ValidateUserInfoTest -*****Validating the user's Name*****
2024-09-23 17:19:33,251 INFO  [main] apiTestCases.ValidateUserInfoTest -*****Validating the user's Age*****
2024-09-23 17:19:33,257 INFO  [main] apiTestCases.ValidateUserInfoTest -*****Validating the user information*****
2024-09-23 17:19:34,379 INFO  [main] apiTestCases.ValidateUserInfoTest -*****Validating the user's Name*****
2024-09-23 17:19:34,379 INFO  [main] apiTestCases.ValidateUserInfoTest -*****Validating the user's Age*****
2024-09-23 17:19:34,380 INFO  [main] apiTestCases.ValidateUserInfoTest -*****Validating the user information*****
2024-09-23 17:19:35,559 INFO  [main] apiTestCases.ValidateUserInfoTest -*****Validating the user's Name*****
2024-09-23 17:19:35,559 INFO  [main] apiTestCases.ValidateUserInfoTest -*****Validating the user's Age*****
2024-09-23 17:19:35,560 INFO  [main] apiTestCases.ValidateUserInfoTest -*****Validating the user information*****
2024-09-23 17:19:36,681 INFO  [main] apiTestCases.ValidateUserInfoTest -*****Validating the user's Name*****
2024-09-23 17:19:36,681 INFO  [main] apiTestCases.ValidateUserInfoTest -*****Validating the user's Age*****
2024-09-23 17:19:36,682 INFO  [main] apiTestCases.ValidateUserInfoTest -*****Validating the user information*****
2024-09-23 17:19:37,890 INFO  [main] apiTestCases.ValidateUserInfoTest -*****Validating the user's Name*****
2024-09-23 17:19:37,890 INFO  [main] apiTestCases.ValidateUserInfoTest -*****Validating the user's Age*****
2024-09-23 17:19:37,891 INFO  [main] apiTestCases.ValidateUserInfoTest -*****Validating the user information*****
2024-09-23 17:19:39,005 INFO  [main] apiTestCases.ValidateUserInfoTest -*****Validating the user's Name*****
2024-09-23 17:19:39,005 INFO  [main] apiTestCases.ValidateUserInfoTest -*****Validating the user's Age*****
2024-09-23 17:19:39,005 INFO  [main] apiTestCases.ValidateUserInfoTest -*****Validating the user information*****
2024-09-23 17:19:40,183 INFO  [main] apiTestCases.ValidateUserInfoTest -*****Validating the user's Name*****
2024-09-23 17:19:40,183 INFO  [main] apiTestCases.ValidateUserInfoTest -*****Validating the user's Age*****
2024-09-23 17:19:40,184 INFO  [main] apiTestCases.ValidateUserInfoTest -*****Validating the user information*****
2024-09-23 17:19:41,319 INFO  [main] apiTestCases.ValidateUserInfoTest -*****Validating the user's Name*****
2024-09-23 17:19:41,319 INFO  [main] apiTestCases.ValidateUserInfoTest -*****Validating the user's Age*****
2024-09-23 17:19:41,320 INFO  [main] apiTestCases.ValidateUserInfoTest -*****Validating the user information*****
2024-09-23 17:19:42,470 INFO  [main] apiTestCases.ValidateUserInfoTest -*****Validating the user's Name*****
2024-09-23 17:19:42,470 INFO  [main] apiTestCases.ValidateUserInfoTest -*****Validating the user's Age*****
