2024-09-23 18:27:58,287 INFO  [main] apiTestCases.ValidateUserInfoTest -*****Getting the user information*****
2024-09-23 18:28:00,591 INFO  [main] apiTestCases.ValidateUserInfoTest -*****Getting the status code*****
2024-09-23 18:28:00,591 INFO  [main] apiTestCases.ValidateUserInfoTest -The response code is 429
2024-09-23 18:28:00,591 INFO  [main] apiTestCases.ValidateUserInfoTest -*****Validating the status code*****
2024-09-23 18:28:00,599 INFO  [main] apiTestCases.ValidateUserInfoTest -*****Validating the user information*****
2024-09-23 18:28:01,858 ERROR [main] apiTestCases.ValidateUserInfoTest -Error in validating the user information. Request ID is :664c5296-000b-4b94-ba79-08cb07e4c599
2024-09-23 18:28:01,867 INFO  [main] apiTestCases.ValidateUserInfoTest -*****Getting the user information*****
2024-09-23 18:28:03,129 INFO  [main] apiTestCases.ValidateUserInfoTest -*****Getting the status code*****
2024-09-23 18:28:03,130 INFO  [main] apiTestCases.ValidateUserInfoTest -The response code is 429
2024-09-23 18:28:03,130 INFO  [main] apiTestCases.ValidateUserInfoTest -*****Validating the status code*****
2024-09-23 18:28:03,131 INFO  [main] apiTestCases.ValidateUserInfoTest -*****Validating the user information*****
2024-09-23 18:28:04,386 ERROR [main] apiTestCases.ValidateUserInfoTest -Error in validating the user information. Request ID is :83e747b9-a2e5-47b7-b374-8ea834e89d78
2024-09-23 18:28:04,389 INFO  [main] apiTestCases.ValidateUserInfoTest -*****Getting the user information*****
2024-09-23 18:28:05,530 INFO  [main] apiTestCases.ValidateUserInfoTest -*****Getting the status code*****
2024-09-23 18:28:05,531 INFO  [main] apiTestCases.ValidateUserInfoTest -The response code is 429
2024-09-23 18:28:05,531 INFO  [main] apiTestCases.ValidateUserInfoTest -*****Validating the status code*****
2024-09-23 18:28:05,532 INFO  [main] apiTestCases.ValidateUserInfoTest -*****Validating the user information*****
2024-09-23 18:28:06,828 ERROR [main] apiTestCases.ValidateUserInfoTest -Error in validating the user information. Request ID is :94adbb88-8e4c-43a5-812f-e75ffe174319
2024-09-23 18:28:06,831 INFO  [main] apiTestCases.ValidateUserInfoTest -*****Getting the user information*****
2024-09-23 18:28:08,127 INFO  [main] apiTestCases.ValidateUserInfoTest -*****Getting the status code*****
2024-09-23 18:28:08,128 INFO  [main] apiTestCases.ValidateUserInfoTest -The response code is 429
2024-09-23 18:28:08,128 INFO  [main] apiTestCases.ValidateUserInfoTest -*****Validating the status code*****
2024-09-23 18:28:08,128 INFO  [main] apiTestCases.ValidateUserInfoTest -*****Validating the user information*****
2024-09-23 18:28:09,464 ERROR [main] apiTestCases.ValidateUserInfoTest -Error in validating the user information. Request ID is :040773bd-b94c-4aec-8064-b33e155bf157
2024-09-23 18:28:09,480 INFO  [main] apiTestCases.ValidateUserInfoTest -*****Getting the user information*****
2024-09-23 18:28:10,837 INFO  [main] apiTestCases.ValidateUserInfoTest -*****Getting the status code*****
2024-09-23 18:28:10,837 INFO  [main] apiTestCases.ValidateUserInfoTest -The response code is 429
2024-09-23 18:28:10,838 INFO  [main] apiTestCases.ValidateUserInfoTest -*****Validating the status code*****
2024-09-23 18:28:10,838 INFO  [main] apiTestCases.ValidateUserInfoTest -*****Validating the user information*****
2024-09-23 18:28:12,118 ERROR [main] apiTestCases.ValidateUserInfoTest -Error in validating the user information. Request ID is :00195ac0-1bf4-4688-943b-0d833cc7f740
2024-09-23 18:28:12,119 INFO  [main] apiTestCases.ValidateUserInfoTest -*****Getting the user information*****
2024-09-23 18:28:13,381 INFO  [main] apiTestCases.ValidateUserInfoTest -*****Getting the status code*****
2024-09-23 18:28:13,382 INFO  [main] apiTestCases.ValidateUserInfoTest -The response code is 429
2024-09-23 18:28:13,382 INFO  [main] apiTestCases.ValidateUserInfoTest -*****Validating the status code*****
2024-09-23 18:28:13,382 INFO  [main] apiTestCases.ValidateUserInfoTest -*****Validating the user information*****
2024-09-23 18:28:14,574 ERROR [main] apiTestCases.ValidateUserInfoTest -Error in validating the user information. Request ID is :a63f7aec-6ba6-4ade-a610-e4ab56e5ef1e
2024-09-23 18:28:14,577 INFO  [main] apiTestCases.ValidateUserInfoTest -*****Getting the user information*****
2024-09-23 18:28:15,775 INFO  [main] apiTestCases.ValidateUserInfoTest -*****Getting the status code*****
2024-09-23 18:28:15,776 INFO  [main] apiTestCases.ValidateUserInfoTest -The response code is 429
2024-09-23 18:28:15,776 INFO  [main] apiTestCases.ValidateUserInfoTest -*****Validating the status code*****
2024-09-23 18:28:15,776 INFO  [main] apiTestCases.ValidateUserInfoTest -*****Validating the user information*****
2024-09-23 18:28:17,039 ERROR [main] apiTestCases.ValidateUserInfoTest -Error in validating the user information. Request ID is :e3600479-7c4e-4b0d-a2ce-cf282517c782
2024-09-23 18:28:17,043 INFO  [main] apiTestCases.ValidateUserInfoTest -*****Getting the user information*****
2024-09-23 18:28:18,279 INFO  [main] apiTestCases.ValidateUserInfoTest -*****Getting the status code*****
2024-09-23 18:28:18,280 INFO  [main] apiTestCases.ValidateUserInfoTest -The response code is 429
2024-09-23 18:28:18,280 INFO  [main] apiTestCases.ValidateUserInfoTest -*****Validating the status code*****
2024-09-23 18:28:18,281 INFO  [main] apiTestCases.ValidateUserInfoTest -*****Validating the user information*****
2024-09-23 18:28:19,499 ERROR [main] apiTestCases.ValidateUserInfoTest -Error in validating the user information. Request ID is :e0e238d8-0edf-4913-961a-668a4b343eac
2024-09-23 18:28:19,505 INFO  [main] apiTestCases.ValidateUserInfoTest -*****Getting the user information*****
2024-09-23 18:28:20,707 INFO  [main] apiTestCases.ValidateUserInfoTest -*****Getting the status code*****
2024-09-23 18:28:20,707 INFO  [main] apiTestCases.ValidateUserInfoTest -The response code is 429
2024-09-23 18:28:20,707 INFO  [main] apiTestCases.ValidateUserInfoTest -*****Validating the status code*****
2024-09-23 18:28:20,708 INFO  [main] apiTestCases.ValidateUserInfoTest -*****Validating the user information*****
2024-09-23 18:28:21,884 ERROR [main] apiTestCases.ValidateUserInfoTest -Error in validating the user information. Request ID is :4ce472a3-c528-40b1-b9af-f245c00ef11d
2024-09-23 18:28:21,888 INFO  [main] apiTestCases.ValidateUserInfoTest -*****Getting the user information*****
2024-09-23 18:28:23,094 INFO  [main] apiTestCases.ValidateUserInfoTest -*****Getting the status code*****
2024-09-23 18:28:23,094 INFO  [main] apiTestCases.ValidateUserInfoTest -The response code is 429
2024-09-23 18:28:23,094 INFO  [main] apiTestCases.ValidateUserInfoTest -*****Validating the status code*****
2024-09-23 18:28:23,094 INFO  [main] apiTestCases.ValidateUserInfoTest -*****Validating the user information*****
2024-09-23 18:28:24,410 ERROR [main] apiTestCases.ValidateUserInfoTest -Error in validating the user information. Request ID is :f124986c-2257-481d-be72-f46b48c49067
2024-09-23 18:28:24,414 INFO  [main] apiTestCases.ValidateUserInfoTest -*****Getting the user information*****
2024-09-23 18:28:25,740 INFO  [main] apiTestCases.ValidateUserInfoTest -*****Getting the status code*****
2024-09-23 18:28:25,741 INFO  [main] apiTestCases.ValidateUserInfoTest -The response code is 429
2024-09-23 18:28:25,741 INFO  [main] apiTestCases.ValidateUserInfoTest -*****Validating the status code*****
2024-09-23 18:28:25,742 INFO  [main] apiTestCases.ValidateUserInfoTest -*****Validating the user information*****
2024-09-23 18:28:26,970 ERROR [main] apiTestCases.ValidateUserInfoTest -Error in validating the user information. Request ID is :34d0063c-5168-4cae-9009-3e78690086e0
2024-09-23 18:28:26,974 INFO  [main] apiTestCases.ValidateUserInfoTest -*****Getting the user information*****
2024-09-23 18:28:28,310 INFO  [main] apiTestCases.ValidateUserInfoTest -*****Getting the status code*****
2024-09-23 18:28:28,310 INFO  [main] apiTestCases.ValidateUserInfoTest -The response code is 429
2024-09-23 18:28:28,310 INFO  [main] apiTestCases.ValidateUserInfoTest -*****Validating the status code*****
2024-09-23 18:28:28,311 INFO  [main] apiTestCases.ValidateUserInfoTest -*****Validating the user information*****
2024-09-23 18:28:29,519 ERROR [main] apiTestCases.ValidateUserInfoTest -Error in validating the user information. Request ID is :3c4a14d1-c493-4308-809a-e8ce0a46d325
2024-09-23 18:28:29,521 INFO  [main] apiTestCases.ValidateUserInfoTest -*****Getting the user information*****
2024-09-23 18:28:30,761 INFO  [main] apiTestCases.ValidateUserInfoTest -*****Getting the status code*****
2024-09-23 18:28:30,762 INFO  [main] apiTestCases.ValidateUserInfoTest -The response code is 429
2024-09-23 18:28:30,762 INFO  [main] apiTestCases.ValidateUserInfoTest -*****Validating the status code*****
2024-09-23 18:28:30,762 INFO  [main] apiTestCases.ValidateUserInfoTest -*****Validating the user information*****
2024-09-23 18:28:31,985 ERROR [main] apiTestCases.ValidateUserInfoTest -Error in validating the user information. Request ID is :92ed2939-e6ad-4bee-b111-d0ab981a6e32
2024-09-23 18:28:31,986 INFO  [main] apiTestCases.ValidateUserInfoTest -*****Getting the user information*****
2024-09-23 18:28:33,181 INFO  [main] apiTestCases.ValidateUserInfoTest -*****Getting the status code*****
2024-09-23 18:28:33,181 INFO  [main] apiTestCases.ValidateUserInfoTest -The response code is 429
2024-09-23 18:28:33,181 INFO  [main] apiTestCases.ValidateUserInfoTest -*****Validating the status code*****
2024-09-23 18:28:33,181 INFO  [main] apiTestCases.ValidateUserInfoTest -*****Validating the user information*****
2024-09-23 18:28:34,452 ERROR [main] apiTestCases.ValidateUserInfoTest -Error in validating the user information. Request ID is :394994f1-aa99-42ca-aaea-f171c728b2db
2024-09-23 18:28:34,456 INFO  [main] apiTestCases.ValidateUserInfoTest -*****Getting the user information*****
2024-09-23 18:28:35,685 INFO  [main] apiTestCases.ValidateUserInfoTest -*****Getting the status code*****
2024-09-23 18:28:35,685 INFO  [main] apiTestCases.ValidateUserInfoTest -The response code is 429
2024-09-23 18:28:35,685 INFO  [main] apiTestCases.ValidateUserInfoTest -*****Validating the status code*****
2024-09-23 18:28:35,686 INFO  [main] apiTestCases.ValidateUserInfoTest -*****Validating the user information*****
2024-09-23 18:28:36,925 ERROR [main] apiTestCases.ValidateUserInfoTest -Error in validating the user information. Request ID is :53ec7152-7e05-4d72-95d5-7b53202fb8e9
2024-09-23 18:28:36,929 INFO  [main] apiTestCases.ValidateUserInfoTest -*****Getting the user information*****
2024-09-23 18:28:38,269 INFO  [main] apiTestCases.ValidateUserInfoTest -*****Getting the status code*****
2024-09-23 18:28:38,269 INFO  [main] apiTestCases.ValidateUserInfoTest -The response code is 429
2024-09-23 18:28:38,270 INFO  [main] apiTestCases.ValidateUserInfoTest -*****Validating the status code*****
2024-09-23 18:28:38,270 INFO  [main] apiTestCases.ValidateUserInfoTest -*****Validating the user information*****
2024-09-23 18:28:39,490 ERROR [main] apiTestCases.ValidateUserInfoTest -Error in validating the user information. Request ID is :364d8ffc-a8b3-4c41-b633-1a865bbb7ec1
2024-09-23 18:28:39,496 INFO  [main] apiTestCases.ValidateUserInfoTest -*****Getting the user information*****
2024-09-23 18:28:40,677 INFO  [main] apiTestCases.ValidateUserInfoTest -*****Getting the status code*****
2024-09-23 18:28:40,677 INFO  [main] apiTestCases.ValidateUserInfoTest -The response code is 429
2024-09-23 18:28:40,678 INFO  [main] apiTestCases.ValidateUserInfoTest -*****Validating the status code*****
2024-09-23 18:28:40,678 INFO  [main] apiTestCases.ValidateUserInfoTest -*****Validating the user information*****
2024-09-23 18:28:41,938 ERROR [main] apiTestCases.ValidateUserInfoTest -Error in validating the user information. Request ID is :dfde9271-3934-47b5-bfd2-99c7d670aa9d
2024-09-23 18:28:41,939 INFO  [main] apiTestCases.ValidateUserInfoTest -*****Getting the user information*****
2024-09-23 18:28:43,181 INFO  [main] apiTestCases.ValidateUserInfoTest -*****Getting the status code*****
2024-09-23 18:28:43,181 INFO  [main] apiTestCases.ValidateUserInfoTest -The response code is 429
2024-09-23 18:28:43,181 INFO  [main] apiTestCases.ValidateUserInfoTest -*****Validating the status code*****
2024-09-23 18:28:43,182 INFO  [main] apiTestCases.ValidateUserInfoTest -*****Validating the user information*****
2024-09-23 18:28:44,393 ERROR [main] apiTestCases.ValidateUserInfoTest -Error in validating the user information. Request ID is :e6f127b1-6c05-4f28-8648-080d2c200419
2024-09-23 18:28:44,396 INFO  [main] apiTestCases.ValidateUserInfoTest -*****Getting the user information*****
2024-09-23 18:28:45,621 INFO  [main] apiTestCases.ValidateUserInfoTest -*****Getting the status code*****
2024-09-23 18:28:45,621 INFO  [main] apiTestCases.ValidateUserInfoTest -The response code is 429
2024-09-23 18:28:45,621 INFO  [main] apiTestCases.ValidateUserInfoTest -*****Validating the status code*****
2024-09-23 18:28:45,622 INFO  [main] apiTestCases.ValidateUserInfoTest -*****Validating the user information*****
2024-09-23 18:28:46,813 ERROR [main] apiTestCases.ValidateUserInfoTest -Error in validating the user information. Request ID is :58587fd0-5535-4fd2-80ca-e3a2aeb9a1ae
2024-09-23 18:28:46,817 INFO  [main] apiTestCases.ValidateUserInfoTest -*****Getting the user information*****
2024-09-23 18:28:48,163 INFO  [main] apiTestCases.ValidateUserInfoTest -*****Getting the status code*****
2024-09-23 18:28:48,163 INFO  [main] apiTestCases.ValidateUserInfoTest -The response code is 429
2024-09-23 18:28:48,163 INFO  [main] apiTestCases.ValidateUserInfoTest -*****Validating the status code*****
2024-09-23 18:28:48,164 INFO  [main] apiTestCases.ValidateUserInfoTest -*****Validating the user information*****
2024-09-23 18:28:49,418 ERROR [main] apiTestCases.ValidateUserInfoTest -Error in validating the user information. Request ID is :f40aac33-d331-4784-819d-b229b2714854
